#
# There is insufficient memory for the Java Runtime Environment to continue.
# Native memory allocation (malloc) failed to allocate 170256 bytes for Chunk::new
# Possible reasons:
#   The system is out of physical RAM or swap space
#   In 32 bit mode, the process size limit was hit
# Possible solutions:
#   Reduce memory load on the system
#   Increase physical memory or swap space
#   Check if swap backing store is full
#   Use 64 bit Java on a 64 bit OS
#   Decrease Java heap size (-Xmx/-Xms)
#   Decrease number of Java threads
#   Decrease Java thread stack sizes (-Xss)
#   Set larger code cache with -XX:ReservedCodeCacheSize=
# This output file may be truncated or incomplete.
#
#  Out of Memory Error (allocation.cpp:388), pid=7804, tid=9436
#
# JRE version: Java(TM) SE Runtime Environment (8.0_05-b13) (build 1.8.0_05-b13)
# Java VM: Java HotSpot(TM) 64-Bit Server VM (25.5-b02 mixed mode windows-amd64 compressed oops)
# Failed to write core dump. Minidumps are not enabled by default on client versions of Windows
#

---------------  T H R E A D  ---------------

Current thread (0x0000000054656000):  JavaThread "C2 CompilerThread0" daemon [_thread_in_native, id=9436, stack(0x0000000055b80000,0x0000000055c80000)]

Stack: [0x0000000055b80000,0x0000000055c80000]
Native frames: (J=compiled Java code, j=interpreted, Vv=VM code, C=native code)
V  [jvm.dll+0x308dea]
V  [jvm.dll+0x25def1]
V  [jvm.dll+0x25eb0f]
V  [jvm.dll+0x2564e5]
V  [jvm.dll+0xbcfc5]
V  [jvm.dll+0xbd45c]
V  [jvm.dll+0x44d422]
V  [jvm.dll+0x48e13f]
V  [jvm.dll+0x4422eb]
V  [jvm.dll+0x44366b]
V  [jvm.dll+0x427532]
V  [jvm.dll+0x96702]
V  [jvm.dll+0x96ef3]
V  [jvm.dll+0x2232c4]
V  [jvm.dll+0x27baca]
C  [msvcr100.dll+0x21d9f]
C  [msvcr100.dll+0x21e3b]
C  [kernel32.dll+0x159ed]
C  [ntdll.dll+0x2c541]


Current CompileTask:
C2:7035105  636 % !   4       sun.java2d.d3d.D3DScreenUpdateManager::run @ 105 (267 bytes)


---------------  P R O C E S S  ---------------

Java Threads: ( => current thread )
  0x000000005981b000 JavaThread "D3D Screen Updater" daemon [_thread_blocked, id=4208, stack(0x000000005b600000,0x000000005b700000)]
  0x0000000059812000 JavaThread "TimerQueue" daemon [_thread_blocked, id=6588, stack(0x000000005b250000,0x000000005b350000)]
  0x000000000034e000 JavaThread "DestroyJavaVM" [_thread_blocked, id=9448, stack(0x0000000002460000,0x0000000002560000)]
  0x0000000056193800 JavaThread "AWT-EventQueue-0" [_thread_blocked, id=7468, stack(0x00000000572c0000,0x00000000573c0000)]
  0x0000000056129000 JavaThread "AWT-Windows" daemon [_thread_in_native, id=9540, stack(0x0000000056bd0000,0x0000000056cd0000)]
  0x0000000056126000 JavaThread "AWT-Shutdown" [_thread_blocked, id=3068, stack(0x0000000056250000,0x0000000056350000)]
  0x000000005611f000 JavaThread "Java2D Disposer" daemon [_thread_blocked, id=8208, stack(0x0000000056ab0000,0x0000000056bb0000)]
  0x000000005465f000 JavaThread "Service Thread" daemon [_thread_blocked, id=7772, stack(0x0000000056710000,0x0000000056810000)]
  0x0000000055dc4800 JavaThread "C1 CompilerThread2" daemon [_thread_blocked, id=9692, stack(0x0000000056510000,0x0000000056610000)]
  0x000000005465c000 JavaThread "C2 CompilerThread1" daemon [_thread_blocked, id=9724, stack(0x0000000056360000,0x0000000056460000)]
=>0x0000000054656000 JavaThread "C2 CompilerThread0" daemon [_thread_in_native, id=9436, stack(0x0000000055b80000,0x0000000055c80000)]
  0x0000000054654800 JavaThread "Attach Listener" daemon [_thread_blocked, id=9472, stack(0x0000000055cc0000,0x0000000055dc0000)]
  0x0000000054651800 JavaThread "Signal Dispatcher" daemon [_thread_blocked, id=5396, stack(0x0000000055a80000,0x0000000055b80000)]
  0x00000000545f3800 JavaThread "Finalizer" daemon [_thread_blocked, id=10140, stack(0x0000000055900000,0x0000000055a00000)]
  0x00000000545ea000 JavaThread "Reference Handler" daemon [_thread_blocked, id=5312, stack(0x0000000055760000,0x0000000055860000)]

Other Threads:
  0x00000000545e6000 VMThread [stack: 0x00000000555d0000,0x00000000556d0000] [id=9748]
  0x0000000055e31000 WatcherThread [stack: 0x00000000568a0000,0x00000000569a0000] [id=3116]

VM state:not at safepoint (normal execution)

VM Mutex/Monitor currently owned by a thread: None

Heap:
 PSYoungGen      total 3584K, used 2713K [0x00000000f0700000, 0x00000000f0c00000, 0x0000000100000000)
  eden space 2048K, 96% used [0x00000000f0700000,0x00000000f08ee790,0x00000000f0900000)
  from space 1536K, 47% used [0x00000000f0a80000,0x00000000f0b38000,0x00000000f0c00000)
  to   space 1536K, 0% used [0x00000000f0900000,0x00000000f0900000,0x00000000f0a80000)
 ParOldGen       total 47616K, used 1024K [0x00000000d1400000, 0x00000000d4280000, 0x00000000f0700000)
  object space 47616K, 2% used [0x00000000d1400000,0x00000000d1500060,0x00000000d4280000)
 Metaspace       used 9916K, capacity 10108K, committed 10368K, reserved 1058816K
  class space    used 1283K, capacity 1347K, committed 1408K, reserved 1048576K

Card table byte_map: [0x00000000022d0000,0x0000000002450000] byte_map_base: 0x0000000001c46000

Marking Bits: (ParMarkBitMap*) 0x000000005e2113b0
 Begin Bits: [0x0000000012380000, 0x0000000012f30000)
 End Bits:   [0x0000000012f30000, 0x0000000013ae0000)

Polling page: 0x0000000000330000

CodeCache: size=245760Kb used=2328Kb max_used=2343Kb free=243431Kb
 bounds [0x0000000002830000, 0x0000000002aa0000, 0x0000000011830000]
 total_blobs=1110 nmethods=635 adapters=390
 compilation: enabled

Compilation events (10 events):
Event: 581.199 Thread 0x000000005465c000 nmethod 631 0x0000000002a6e810 code [0x0000000002a6e940, 0x0000000002a6e9b8]
Event: 583.710 Thread 0x0000000054656000  632       4       sun.java2d.d3d.D3DSurfaceData$D3DWindowSurfaceData::isDirty (18 bytes)
Event: 583.711 Thread 0x0000000054656000 nmethod 632 0x0000000002a6bf10 code [0x0000000002a6c060, 0x0000000002a6c118]
Event: 4320.939 Thread 0x0000000055dc4800  633 % !   3       sun.java2d.d3d.D3DScreenUpdateManager::run @ 0 (267 bytes)
Event: 4320.948 Thread 0x0000000055dc4800 nmethod 633% 0x0000000002a71990 code [0x0000000002a71d60, 0x0000000002a741f8]
Event: 4376.864 Thread 0x0000000055dc4800  634   !   3       sun.java2d.d3d.D3DScreenUpdateManager::run (267 bytes)
Event: 4376.884 Thread 0x0000000055dc4800 nmethod 634 0x0000000002a75b90 code [0x0000000002a75f60, 0x0000000002a78378]
Event: 6538.280 Thread 0x000000005465c000  635 % !   4       sun.java2d.d3d.D3DScreenUpdateManager::run @ 0 (267 bytes)
Event: 6539.367 Thread 0x000000005465c000 nmethod 635% 0x0000000002a79cd0 code [0x0000000002a79ea0, 0x0000000002a7aef0]
Event: 7032.240 Thread 0x0000000054656000  636 % !   4       sun.java2d.d3d.D3DScreenUpdateManager::run @ 105 (267 bytes)

GC Heap History (10 events):
Event: 0.224 GC heap before
{Heap before GC invocations=2 (full 0):
 PSYoungGen      total 1024K, used 944K [0x00000000f0700000, 0x00000000f0880000, 0x0000000100000000)
  eden space 512K, 100% used [0x00000000f0700000,0x00000000f0780000,0x00000000f0780000)
  from space 512K, 84% used [0x00000000f0780000,0x00000000f07ec010,0x00000000f0800000)
  to   space 512K, 0% used [0x00000000f0800000,0x00000000f0800000,0x00000000f0880000)
 ParOldGen       total 47616K, used 8K [0x00000000d1400000, 0x00000000d4280000, 0x00000000f0700000)
  object space 47616K, 0% used [0x00000000d1400000,0x00000000d1402000,0x00000000d4280000)
 Metaspace       used 4674K, capacity 4740K, committed 4992K, reserved 1056768K
  class space    used 530K, capacity 538K, committed 640K, reserved 1048576K
Event: 0.226 GC heap after
Heap after GC invocations=2 (full 0):
 PSYoungGen      total 1024K, used 496K [0x00000000f0700000, 0x00000000f0900000, 0x0000000100000000)
  eden space 512K, 0% used [0x00000000f0700000,0x00000000f0700000,0x00000000f0780000)
  from space 512K, 96% used [0x00000000f0800000,0x00000000f087c010,0x00000000f0880000)
  to   space 512K, 0% used [0x00000000f0780000,0x00000000f0780000,0x00000000f0800000)
 ParOldGen       total 47616K, used 48K [0x00000000d1400000, 0x00000000d4280000, 0x00000000f0700000)
  object space 47616K, 0% used [0x00000000d1400000,0x00000000d140c000,0x00000000d4280000)
 Metaspace       used 4674K, capacity 4740K, committed 4992K, reserved 1056768K
  class space    used 530K, capacity 538K, committed 640K, reserved 1048576K
}
Event: 0.262 GC heap before
{Heap before GC invocations=3 (full 0):
 PSYoungGen      total 1024K, used 1008K [0x00000000f0700000, 0x00000000f0900000, 0x0000000100000000)
  eden space 512K, 100% used [0x00000000f0700000,0x00000000f0780000,0x00000000f0780000)
  from space 512K, 96% used [0x00000000f0800000,0x00000000f087c010,0x00000000f0880000)
  to   space 512K, 0% used [0x00000000f0780000,0x00000000f0780000,0x00000000f0800000)
 ParOldGen       total 47616K, used 48K [0x00000000d1400000, 0x00000000d4280000, 0x00000000f0700000)
  object space 47616K, 0% used [0x00000000d1400000,0x00000000d140c000,0x00000000d4280000)
 Metaspace       used 4938K, capacity 5096K, committed 5248K, reserved 1056768K
  class space    used 573K, capacity 598K, committed 640K, reserved 1048576K
Event: 0.264 GC heap after
Heap after GC invocations=3 (full 0):
 PSYoungGen      total 1024K, used 496K [0x00000000f0700000, 0x00000000f0900000, 0x0000000100000000)
  eden space 512K, 0% used [0x00000000f0700000,0x00000000f0700000,0x00000000f0780000)
  from space 512K, 96% used [0x00000000f0780000,0x00000000f07fc010,0x00000000f0800000)
  to   space 512K, 0% used [0x00000000f0880000,0x00000000f0880000,0x00000000f0900000)
 ParOldGen       total 47616K, used 120K [0x00000000d1400000, 0x00000000d4280000, 0x00000000f0700000)
  object space 47616K, 0% used [0x00000000d1400000,0x00000000d141e000,0x00000000d4280000)
 Metaspace       used 4938K, capacity 5096K, committed 5248K, reserved 1056768K
  class space    used 573K, capacity 598K, committed 640K, reserved 1048576K
}
Event: 0.303 GC heap before
{Heap before GC invocations=4 (full 0):
 PSYoungGen      total 1024K, used 1008K [0x00000000f0700000, 0x00000000f0900000, 0x0000000100000000)
  eden space 512K, 100% used [0x00000000f0700000,0x00000000f0780000,0x00000000f0780000)
  from space 512K, 96% used [0x00000000f0780000,0x00000000f07fc010,0x00000000f0800000)
  to   space 512K, 0% used [0x00000000f0880000,0x00000000f0880000,0x00000000f0900000)
 ParOldGen       total 47616K, used 120K [0x00000000d1400000, 0x00000000d4280000, 0x00000000f0700000)
  object space 47616K, 0% used [0x00000000d1400000,0x00000000d141e000,0x00000000d4280000)
 Metaspace       used 5869K, capacity 5992K, committed 6144K, reserved 1056768K
  class space    used 699K, capacity 726K, committed 768K, reserved 1048576K
Event: 0.305 GC heap after
Heap after GC invocations=4 (full 0):
 PSYoungGen      total 1536K, used 496K [0x00000000f0700000, 0x00000000f0900000, 0x0000000100000000)
  eden space 1024K, 0% used [0x00000000f0700000,0x00000000f0700000,0x00000000f0800000)
  from space 512K, 96% used [0x00000000f0880000,0x00000000f08fc010,0x00000000f0900000)
  to   space 512K, 0% used [0x00000000f0800000,0x00000000f0800000,0x00000000f0880000)
 ParOldGen       total 47616K, used 512K [0x00000000d1400000, 0x00000000d4280000, 0x00000000f0700000)
  object space 47616K, 1% used [0x00000000d1400000,0x00000000d1480040,0x00000000d4280000)
 Metaspace       used 5869K, capacity 5992K, committed 6144K, reserved 1056768K
  class space    used 699K, capacity 726K, committed 768K, reserved 1048576K
}
Event: 0.599 GC heap before
{Heap before GC invocations=5 (full 0):
 PSYoungGen      total 1536K, used 1520K [0x00000000f0700000, 0x00000000f0900000, 0x0000000100000000)
  eden space 1024K, 100% used [0x00000000f0700000,0x00000000f0800000,0x00000000f0800000)
  from space 512K, 96% used [0x00000000f0880000,0x00000000f08fc010,0x00000000f0900000)
  to   space 512K, 0% used [0x00000000f0800000,0x00000000f0800000,0x00000000f0880000)
 ParOldGen       total 47616K, used 512K [0x00000000d1400000, 0x00000000d4280000, 0x00000000f0700000)
  object space 47616K, 1% used [0x00000000d1400000,0x00000000d1480040,0x00000000d4280000)
 Metaspace       used 9120K, capacity 9296K, committed 9472K, reserved 1056768K
  class space    used 1176K, capacity 1249K, committed 1280K, reserved 1048576K
Event: 0.602 GC heap after
Heap after GC invocations=5 (full 0):
 PSYoungGen      total 1536K, used 512K [0x00000000f0700000, 0x00000000f0c00000, 0x0000000100000000)
  eden space 1024K, 0% used [0x00000000f0700000,0x00000000f0700000,0x00000000f0800000)
  from space 512K, 100% used [0x00000000f0800000,0x00000000f0880000,0x00000000f0880000)
  to   space 1536K, 0% used [0x00000000f0a80000,0x00000000f0a80000,0x00000000f0c00000)
 ParOldGen       total 47616K, used 1016K [0x00000000d1400000, 0x00000000d4280000, 0x00000000f0700000)
  object space 47616K, 2% used [0x00000000d1400000,0x00000000d14fe060,0x00000000d4280000)
 Metaspace       used 9120K, capacity 9296K, committed 9472K, reserved 1056768K
  class space    used 1176K, capacity 1249K, committed 1280K, reserved 1048576K
}
Event: 660.695 GC heap before
{Heap before GC invocations=6 (full 0):
 PSYoungGen      total 1536K, used 1536K [0x00000000f0700000, 0x00000000f0c00000, 0x0000000100000000)
  eden space 1024K, 100% used [0x00000000f0700000,0x00000000f0800000,0x00000000f0800000)
  from space 512K, 100% used [0x00000000f0800000,0x00000000f0880000,0x00000000f0880000)
  to   space 1536K, 0% used [0x00000000f0a80000,0x00000000f0a80000,0x00000000f0c00000)
 ParOldGen       total 47616K, used 1016K [0x00000000d1400000, 0x00000000d4280000, 0x00000000f0700000)
  object space 47616K, 2% used [0x00000000d1400000,0x00000000d14fe060,0x00000000d4280000)
 Metaspace       used 9909K, capacity 10108K, committed 10368K, reserved 1058816K
  class space    used 1283K, capacity 1347K, committed 1408K, reserved 1048576K
Event: 660.699 GC heap after
Heap after GC invocations=6 (full 0):
 PSYoungGen      total 3584K, used 736K [0x00000000f0700000, 0x00000000f0c00000, 0x0000000100000000)
  eden space 2048K, 0% used [0x00000000f0700000,0x00000000f0700000,0x00000000f0900000)
  from space 1536K, 47% used [0x00000000f0a80000,0x00000000f0b38000,0x00000000f0c00000)
  to   space 1536K, 0% used [0x00000000f0900000,0x00000000f0900000,0x00000000f0a80000)
 ParOldGen       total 47616K, used 1024K [0x00000000d1400000, 0x00000000d4280000, 0x00000000f0700000)
  object space 47616K, 2% used [0x00000000d1400000,0x00000000d1500060,0x00000000d4280000)
 Metaspace       used 9909K, capacity 10108K, committed 10368K, reserved 1058816K
  class space    used 1283K, capacity 1347K, committed 1408K, reserved 1048576K
}

Deoptimization events (4 events):
Event: 1.578 Thread 0x0000000056193800 Uncommon trap: reason=class_check action=maybe_recompile pc=0x00000000029bb00c method=java.lang.String.equals(Ljava/lang/Object;)Z @ 8
Event: 1.578 Thread 0x0000000056193800 Uncommon trap: reason=class_check action=maybe_recompile pc=0x00000000029bb00c method=java.lang.String.equals(Ljava/lang/Object;)Z @ 8
Event: 4.687 Thread 0x0000000056193800 Uncommon trap: reason=class_check action=maybe_recompile pc=0x00000000029bb00c method=java.lang.String.equals(Ljava/lang/Object;)Z @ 8
Event: 4.687 Thread 0x0000000056193800 Uncommon trap: reason=class_check action=maybe_recompile pc=0x00000000029bb00c method=java.lang.String.equals(Ljava/lang/Object;)Z @ 8

Internal exceptions (10 events):
Event: 0.590 Thread 0x0000000056193800 Exception <a 'java/security/PrivilegedActionException'> (0x00000000f07fb540) thrown at [D:\re\workspace\8-2-build-windows-amd64-cygwin\jdk8u5\2488\hotspot\src\share\vm\prims\jvm.cpp, line 1248]
Event: 0.590 Thread 0x0000000056193800 Exception <a 'java/security/PrivilegedActionException'> (0x00000000f07fce18) thrown at [D:\re\workspace\8-2-build-windows-amd64-cygwin\jdk8u5\2488\hotspot\src\share\vm\prims\jvm.cpp, line 1248]
Event: 3.040 Thread 0x0000000056193800 Exception <a 'java/security/PrivilegedActionException'> (0x00000000f0759338) thrown at [D:\re\workspace\8-2-build-windows-amd64-cygwin\jdk8u5\2488\hotspot\src\share\vm\prims\jvm.cpp, line 1248]
Event: 3.041 Thread 0x0000000056193800 Exception <a 'java/security/PrivilegedActionException'> (0x00000000f075c108) thrown at [D:\re\workspace\8-2-build-windows-amd64-cygwin\jdk8u5\2488\hotspot\src\share\vm\prims\jvm.cpp, line 1248]
Event: 3.043 Thread 0x0000000056193800 Exception <a 'java/security/PrivilegedActionException'> (0x00000000f0760708) thrown at [D:\re\workspace\8-2-build-windows-amd64-cygwin\jdk8u5\2488\hotspot\src\share\vm\prims\jvm.cpp, line 1248]
Event: 3.055 Thread 0x0000000056193800 Exception <a 'java/security/PrivilegedActionException'> (0x00000000f0763888) thrown at [D:\re\workspace\8-2-build-windows-amd64-cygwin\jdk8u5\2488\hotspot\src\share\vm\prims\jvm.cpp, line 1248]
Event: 3.080 Thread 0x0000000056193800 Exception <a 'java/security/PrivilegedActionException'> (0x00000000f077bc50) thrown at [D:\re\workspace\8-2-build-windows-amd64-cygwin\jdk8u5\2488\hotspot\src\share\vm\prims\jvm.cpp, line 1248]
Event: 5.620 Thread 0x0000000056193800 Exception <a 'java/lang/NullPointerException'> (0x00000000f07b0eb0) thrown at [D:\re\workspace\8-2-build-windows-amd64-cygwin\jdk8u5\2488\hotspot\src\share\vm\interpreter\linkResolver.cpp, line 1169]
Event: 5.620 Thread 0x0000000056193800 Exception <a 'java/lang/NullPointerException'> (0x00000000f07b0eb0) thrown at [D:\re\workspace\8-2-build-windows-amd64-cygwin\jdk8u5\2488\hotspot\src\share\vm\prims\jvm.cpp, line 1252]
Event: 5.620 Thread 0x0000000056193800 Exception <a 'java/lang/NullPointerException'> (0x00000000f07b0eb0) thrown at [D:\re\workspace\8-2-build-windows-amd64-cygwin\jdk8u5\2488\hotspot\src\share\vm\prims\jvm.cpp, line 1252]

Events (10 events):
Event: 5.620 loading class java/lang/InterruptedException
Event: 5.620 loading class java/lang/InterruptedException done
Event: 5.621 loading class java/lang/Throwable$WrappedPrintStream
Event: 5.621 loading class java/lang/Throwable$PrintStreamOrWriter
Event: 5.621 loading class java/lang/Throwable$PrintStreamOrWriter done
Event: 5.621 loading class java/lang/Throwable$WrappedPrintStream done
Event: 660.694 Executing VM operation: ParallelGCFailedAllocation
Event: 660.699 Executing VM operation: ParallelGCFailedAllocation done
Event: 6980.229 Thread 0x000000005981b000 DEOPT PACKING pc=0x0000000002a73f8e sp=0x000000005b6fedd0
Event: 6980.745 Thread 0x000000005981b000 DEOPT UNPACKING pc=0x0000000002877204 sp=0x000000005b6febd8 mode 0


Dynamic libraries:
0x000000013f470000 - 0x000000013f4a4000 	C:\Program Files\Java\jre8\bin\javaw.exe
0x0000000077160000 - 0x0000000077309000 	C:\Windows\SYSTEM32\ntdll.dll
0x0000000077040000 - 0x000000007715f000 	C:\Windows\system32\kernel32.dll
0x000007fefd0c0000 - 0x000007fefd12c000 	C:\Windows\system32\KERNELBASE.dll
0x000007feff390000 - 0x000007feff46b000 	C:\Windows\system32\ADVAPI32.dll
0x000007fefee30000 - 0x000007fefeecf000 	C:\Windows\system32\msvcrt.dll
0x000007feff360000 - 0x000007feff37f000 	C:\Windows\SYSTEM32\sechost.dll
0x000007fefd4c0000 - 0x000007fefd5ed000 	C:\Windows\system32\RPCRT4.dll
0x0000000076f40000 - 0x000000007703a000 	C:\Windows\system32\USER32.dll
0x000007fefedc0000 - 0x000007fefee27000 	C:\Windows\system32\GDI32.dll
0x000007fefe770000 - 0x000007fefe77e000 	C:\Windows\system32\LPK.dll
0x000007fefd6f0000 - 0x000007fefd7b9000 	C:\Windows\system32\USP10.dll
0x000007fefb780000 - 0x000007fefb974000 	C:\Windows\WinSxS\amd64_microsoft.windows.common-controls_6595b64144ccf1df_6.0.7601.17514_none_fa396087175ac9ac\COMCTL32.dll
0x000007fefd440000 - 0x000007fefd4b1000 	C:\Windows\system32\SHLWAPI.dll
0x000007fefd410000 - 0x000007fefd43e000 	C:\Windows\system32\IMM32.DLL
0x000007fefd7c0000 - 0x000007fefd8c9000 	C:\Windows\system32\MSCTF.dll
0x000000005e290000 - 0x000000005e362000 	C:\Program Files\Java\jre8\bin\msvcr100.dll
0x000000005da60000 - 0x000000005e28a000 	C:\Program Files\Java\jre8\bin\server\jvm.dll
0x000007feed790000 - 0x000007feed799000 	C:\Windows\system32\WSOCK32.dll
0x000007fefe660000 - 0x000007fefe6ad000 	C:\Windows\system32\WS2_32.dll
0x000007feff380000 - 0x000007feff388000 	C:\Windows\system32\NSI.dll
0x000007fefa160000 - 0x000007fefa19b000 	C:\Windows\system32\WINMM.dll
0x0000000077320000 - 0x0000000077327000 	C:\Windows\system32\PSAPI.DLL
0x00000000690f0000 - 0x00000000690ff000 	C:\Program Files\Java\jre8\bin\verify.dll
0x000000005e500000 - 0x000000005e528000 	C:\Program Files\Java\jre8\bin\java.dll
0x0000000068440000 - 0x0000000068456000 	C:\Program Files\Java\jre8\bin\zip.dll
0x000007fefd8d0000 - 0x000007fefe658000 	C:\Windows\system32\SHELL32.dll
0x000007fefe780000 - 0x000007fefe983000 	C:\Windows\system32\ole32.dll
0x000007fefcf80000 - 0x000007fefcf8f000 	C:\Windows\system32\profapi.dll
0x0000000064bd0000 - 0x0000000064d66000 	C:\Program Files\Java\jre8\bin\awt.dll
0x000007fefd330000 - 0x000007fefd407000 	C:\Windows\system32\OLEAUT32.dll
0x000007fefb160000 - 0x000007fefb178000 	C:\Windows\system32\DWMAPI.DLL
0x000007fefb540000 - 0x000007fefb596000 	C:\Windows\system32\uxtheme.dll
0x000007fefce10000 - 0x000007fefce1f000 	C:\Windows\system32\CRYPTBASE.dll
0x000007fee5dc0000 - 0x000007fee5fbf000 	C:\Windows\system32\d3d9.dll
0x000007fefc010000 - 0x000007fefc01c000 	C:\Windows\system32\VERSION.dll
0x000007feec6e0000 - 0x000007feec6e7000 	C:\Windows\system32\d3d8thk.dll
0x0000000064750000 - 0x0000000064bcb000 	C:\Windows\system32\atiumd64.dll
0x00000000644b0000 - 0x0000000064747000 	C:\Windows\system32\atiumd6a.dll
0x000000006d9a0000 - 0x000000006d9e7000 	C:\Program Files\Java\jre8\bin\fontmanager.dll
0x000007fefd5f0000 - 0x000007fefd689000 	C:\Windows\system32\CLBCatQ.DLL
0x000007fefafb0000 - 0x000007fefb111000 	C:\Windows\system32\WindowsCodecs.dll
0x000007fefcd70000 - 0x000007fefcdc7000 	C:\Windows\system32\apphelp.dll
0x000007fef42c0000 - 0x000007fef44fd000 	C:\Program Files\Microsoft Office 15\root\VFS\ProgramFilesX64\Microsoft Office\Office15\GROOVEEX.DLL
0x000000006fab0000 - 0x000000006fb48000 	C:\Program Files\Microsoft Office 15\root\VFS\ProgramFilesX64\Microsoft Office\Office15\MSVCP100.dll
0x000000006fa80000 - 0x000000006faab000 	C:\Program Files\Microsoft Office 15\root\VFS\ProgramFilesX64\Microsoft Office\Office15\ATL100.DLL
0x000007fef3da0000 - 0x000007fef40bc000 	C:\Windows\system32\msi.dll
0x000007fef2620000 - 0x000007fef2e9d000 	C:\Program Files\Microsoft Office 15\root\VFS\ProgramFilesX64\Microsoft Office\Office15\1033\GrooveIntlResource.dll
0x000000006f9a0000 - 0x000000006fa78000 	C:\Program Files\AVAST Software\Avast\ashShA64.dll
0x000007fef1940000 - 0x000007fef196b000 	C:\Users\Keyul\AppData\Roaming\Dropbox\bin\DropboxExt64.24.dll
0x000007fef1810000 - 0x000007fef1935000 	C:\Windows\system32\dbghelp.dll
0x000000006f8c0000 - 0x000000006f993000 	C:\Windows\WinSxS\amd64_microsoft.vc90.crt_1fc8b3b9a1e18e3b_9.0.30729.4940_none_08e4299fa83d7e3c\MSVCP90.dll
0x00000000709f0000 - 0x0000000070a8d000 	C:\Windows\WinSxS\amd64_microsoft.vc90.crt_1fc8b3b9a1e18e3b_9.0.30729.4940_none_08e4299fa83d7e3c\MSVCR90.dll
0x000007fef17d0000 - 0x000007fef1805000 	C:\Windows\system32\EhStorShell.dll
0x000007feff180000 - 0x000007feff357000 	C:\Windows\system32\SETUPAPI.dll
0x000007fefd180000 - 0x000007fefd1b6000 	C:\Windows\system32\CFGMGR32.dll
0x000007fefcfb0000 - 0x000007fefcfca000 	C:\Windows\system32\DEVOBJ.dll
0x000007fefb5b0000 - 0x000007fefb6dc000 	C:\Windows\system32\PROPSYS.dll
0x000007fef17c0000 - 0x000007fef17c9000 	C:\Program Files (x86)\Internet Download Manager\IDMShellExt64.dll
0x000007fef1700000 - 0x000007fef1780000 	C:\Windows\system32\ntshrui.dll
0x000007fefca10000 - 0x000007fefca33000 	C:\Windows\system32\srvcli.dll
0x000007fef5480000 - 0x000007fef548f000 	C:\Windows\system32\cscapi.dll
0x000007fefae00000 - 0x000007fefae0b000 	C:\Windows\system32\slc.dll
0x00000000689c0000 - 0x00000000689da000 	C:\Program Files\Java\jre8\bin\net.dll
0x000007fefc710000 - 0x000007fefc765000 	C:\Windows\system32\mswsock.dll
0x000007fefc700000 - 0x000007fefc707000 	C:\Windows\System32\wship6.dll
0x000000005e4e0000 - 0x000000005e4f1000 	C:\Program Files\Java\jre8\bin\nio.dll
0x000000006d9f0000 - 0x000000006da31000 	C:\Program Files\Java\jre8\bin\t2k.dll

VM Arguments:
jvm_args: -Dfile.encoding=Cp1252 
java_command: main
java_class_path (initial): D:\worspace\Prac5\bin
Launcher Type: SUN_STANDARD

Environment Variables:
JAVA_HOME=C:\Program Files\Java\jdk1.8.0_05
PATH=C:\Program Files (x86)\iis express\PHP\v5.4;C:\Program Files (x86)\iis express\PHP\v5.4;C:\Program Files (x86)\iis express\PHP\v5.3;C:\Program Files (x86)\PC Connectivity Solution\;C:\Windows\SYSTEM32;C:\Windows;C:\Windows\SYSTEM32\WBEM;C:\Windows\SYSTEM32\WINDOWSPOWERSHELL\V1.0\;C:\PROGRAM FILES\WIDCOMM\BLUETOOTH SOFTWARE\;C:\PROGRAM FILES\WIDCOMM\BLUETOOTH SOFTWARE\SYSWOW64;C:\PROGRAM FILES (X86)\ATI TECHNOLOGIES\ATI.ACE\CORE-STATIC;C:\PROGRAM FILES (X86)\COMMON FILES\ROXIO SHARED\10.0\DLLSHARED\;C:\PROGRAM FILES (X86)\COMMON FILES\ROXIO SHARED\DLLSHARED\;C:\Program Files\MySQL\MySQL Server 5.1\bin;C:\Program Files\nodejs\; C:\Program Files (x86)\Git\bin; C:\Program Files (x86)\Git\cmd;C:\Program Files (x86)\Git\cmd;C:\Users\Keyul\AppData\Roaming\npm
USERNAME=Keyul
OS=Windows_NT
PROCESSOR_IDENTIFIER=Intel64 Family 6 Model 37 Stepping 2, GenuineIntel



---------------  S Y S T E M  ---------------

OS: Windows 7 , 64 bit Build 7601 Service Pack 1

CPU:total 4 (2 cores per cpu, 2 threads per core) family 6 model 37 stepping 2, cmov, cx8, fxsr, mmx, sse, sse2, sse3, ssse3, sse4.1, sse4.2, popcnt, ht, tsc, tscinvbit

Memory: 4k page, physical 3061860k(449836k free), swap 12245576k(3816k free)

vm_info: Java HotSpot(TM) 64-Bit Server VM (25.5-b02) for windows-amd64 JRE (1.8.0_05-b13), built on Mar 18 2014 01:08:39 by "java_re" with MS VC++ 10.0 (VS2010)

time: Wed Dec 03 17:13:39 2014
elapsed time: 7035 seconds

